d:\graphics1\gameengine\gameengine\x64\debug\vc143.pdb
d:\graphics1\gameengine\gameengine\x64\debug\vc143.idb
d:\graphics1\gameengine\gameengine\x64\debug\glad.obj
d:\graphics1\gameengine\gameengine\x64\debug\source.obj
d:\graphics1\gameengine\gameengine\x64\debug\cloadmodels.obj
d:\graphics1\gameengine\gameengine\x64\debug\flycam.obj
d:\graphics1\gameengine\gameengine\x64\debug\cvaomanager.obj
d:\graphics1\gameengine\gameengine\x64\debug\cshadercompiler.obj
d:\graphics1\gameengine\gameengine\x64\debug\cscene.obj
d:\graphics1\gameengine\gameengine\x64\debug\cplayer.obj
d:\graphics1\gameengine\gameengine\x64\debug\clightmover.obj
d:\graphics1\gameengine\gameengine\x64\debug\clightmanager.obj
d:\graphics1\gameengine\gameengine\x64\debug\caienemy.obj
d:\graphics1\gameengine\gameengine\x64\debug\cphysicsupdated.obj
d:\graphics1\gameengine\x64\debug\gameengine.exe
d:\graphics1\gameengine\gameengine\x64\debug\gameengine.ilk
d:\graphics1\gameengine\x64\debug\gameengine.pdb
d:\graphics1\gameengine\gameengine\x64\debug\gameengine.tlog\cl.command.1.tlog
d:\graphics1\gameengine\gameengine\x64\debug\gameengine.tlog\cl.items.tlog
d:\graphics1\gameengine\gameengine\x64\debug\gameengine.tlog\cl.read.1.tlog
d:\graphics1\gameengine\gameengine\x64\debug\gameengine.tlog\cl.write.1.tlog
d:\graphics1\gameengine\gameengine\x64\debug\gameengine.tlog\link.command.1.tlog
d:\graphics1\gameengine\gameengine\x64\debug\gameengine.tlog\link.read.1.tlog
d:\graphics1\gameengine\gameengine\x64\debug\gameengine.tlog\link.write.1.tlog
